CRITICAL - 2022-11-22 12:42:27 --> Call to a member function get() on null
in APPPATH/Config/Routes.php on line 44.
 1 SYSTEMPATH/CodeIgniter.php(789): require()
 2 SYSTEMPATH/CodeIgniter.php(430): CodeIgniter\CodeIgniter->tryToRouteIt()
 3 SYSTEMPATH/CodeIgniter.php(351): CodeIgniter\CodeIgniter->handleRequest()
 4 FCPATH/index.php(67): CodeIgniter\CodeIgniter->run()
CRITICAL - 2022-11-22 12:42:53 --> Undefined variable: router
in APPPATH/Config/Routes.php on line 44.
 1 APPPATH/Config/Routes.php(44): CodeIgniter\Debug\Exceptions->errorHandler()
 2 SYSTEMPATH/CodeIgniter.php(789): require('APPPATH/Config/Routes.php')
 3 SYSTEMPATH/CodeIgniter.php(430): CodeIgniter\CodeIgniter->tryToRouteIt()
 4 SYSTEMPATH/CodeIgniter.php(351): CodeIgniter\CodeIgniter->handleRequest()
 5 FCPATH/index.php(67): CodeIgniter\CodeIgniter->run()
CRITICAL - 2022-11-22 12:54:45 --> Use of undefined constant length - assumed 'length' (this will throw an Error in a future version of PHP)
in APPPATH/Views/usuario/listar.php on line 36.
 1 APPPATH/Views/usuario/listar.php(36): CodeIgniter\Debug\Exceptions->errorHandler()
 2 SYSTEMPATH/View/View.php(213): include('APPPATH/Views/usuario/listar.php')
 3 SYSTEMPATH/View/View.php(216): CodeIgniter\View\View->CodeIgniter\View\{closure}()
 4 SYSTEMPATH/Common.php(1134): CodeIgniter\View\View->render()
 5 APPPATH/Controllers/UsuarioController.php(11): view()
 6 SYSTEMPATH/CodeIgniter.php(927): App\Controllers\UsuarioController->index()
 7 SYSTEMPATH/CodeIgniter.php(482): CodeIgniter\CodeIgniter->runController()
 8 SYSTEMPATH/CodeIgniter.php(351): CodeIgniter\CodeIgniter->handleRequest()
 9 FCPATH/index.php(67): CodeIgniter\CodeIgniter->run()
CRITICAL - 2022-11-22 12:54:54 --> Call to undefined function length()
in APPPATH/Views/usuario/listar.php on line 36.
 1 SYSTEMPATH/View/View.php(213): include()
 2 SYSTEMPATH/View/View.php(216): CodeIgniter\View\View->CodeIgniter\View\{closure}()
 3 SYSTEMPATH/Common.php(1134): CodeIgniter\View\View->render()
 4 APPPATH/Controllers/UsuarioController.php(11): view()
 5 SYSTEMPATH/CodeIgniter.php(927): App\Controllers\UsuarioController->index()
 6 SYSTEMPATH/CodeIgniter.php(482): CodeIgniter\CodeIgniter->runController()
 7 SYSTEMPATH/CodeIgniter.php(351): CodeIgniter\CodeIgniter->handleRequest()
 8 FCPATH/index.php(67): CodeIgniter\CodeIgniter->run()
CRITICAL - 2022-11-22 12:55:03 --> Call to undefined function size()
in APPPATH/Views/usuario/listar.php on line 36.
 1 SYSTEMPATH/View/View.php(213): include()
 2 SYSTEMPATH/View/View.php(216): CodeIgniter\View\View->CodeIgniter\View\{closure}()
 3 SYSTEMPATH/Common.php(1134): CodeIgniter\View\View->render()
 4 APPPATH/Controllers/UsuarioController.php(11): view()
 5 SYSTEMPATH/CodeIgniter.php(927): App\Controllers\UsuarioController->index()
 6 SYSTEMPATH/CodeIgniter.php(482): CodeIgniter\CodeIgniter->runController()
 7 SYSTEMPATH/CodeIgniter.php(351): CodeIgniter\CodeIgniter->handleRequest()
 8 FCPATH/index.php(67): CodeIgniter\CodeIgniter->run()
CRITICAL - 2022-11-22 12:55:14 --> Use of undefined constant size - assumed 'size' (this will throw an Error in a future version of PHP)
in APPPATH/Views/usuario/listar.php on line 36.
 1 APPPATH/Views/usuario/listar.php(36): CodeIgniter\Debug\Exceptions->errorHandler()
 2 SYSTEMPATH/View/View.php(213): include('APPPATH/Views/usuario/listar.php')
 3 SYSTEMPATH/View/View.php(216): CodeIgniter\View\View->CodeIgniter\View\{closure}()
 4 SYSTEMPATH/Common.php(1134): CodeIgniter\View\View->render()
 5 APPPATH/Controllers/UsuarioController.php(11): view()
 6 SYSTEMPATH/CodeIgniter.php(927): App\Controllers\UsuarioController->index()
 7 SYSTEMPATH/CodeIgniter.php(482): CodeIgniter\CodeIgniter->runController()
 8 SYSTEMPATH/CodeIgniter.php(351): CodeIgniter\CodeIgniter->handleRequest()
 9 FCPATH/index.php(67): CodeIgniter\CodeIgniter->run()
CRITICAL - 2022-11-22 12:55:34 --> Trying to get property 'id' of non-object
in APPPATH/Views/usuario/listar.php on line 52.
 1 APPPATH/Views/usuario/listar.php(52): CodeIgniter\Debug\Exceptions->errorHandler()
 2 SYSTEMPATH/View/View.php(213): include('APPPATH/Views/usuario/listar.php')
 3 SYSTEMPATH/View/View.php(216): CodeIgniter\View\View->CodeIgniter\View\{closure}()
 4 SYSTEMPATH/Common.php(1134): CodeIgniter\View\View->render()
 5 APPPATH/Controllers/UsuarioController.php(11): view()
 6 SYSTEMPATH/CodeIgniter.php(927): App\Controllers\UsuarioController->index()
 7 SYSTEMPATH/CodeIgniter.php(482): CodeIgniter\CodeIgniter->runController()
 8 SYSTEMPATH/CodeIgniter.php(351): CodeIgniter\CodeIgniter->handleRequest()
 9 FCPATH/index.php(67): CodeIgniter\CodeIgniter->run()
CRITICAL - 2022-11-22 13:14:36 --> Undefined variable: footer
in APPPATH/Views/usuario/listar.php on line 41.
 1 APPPATH/Views/usuario/listar.php(41): CodeIgniter\Debug\Exceptions->errorHandler()
 2 SYSTEMPATH/View/View.php(213): include('APPPATH/Views/usuario/listar.php')
 3 SYSTEMPATH/View/View.php(216): CodeIgniter\View\View->CodeIgniter\View\{closure}()
 4 SYSTEMPATH/Common.php(1134): CodeIgniter\View\View->render()
 5 APPPATH/Controllers/UsuarioController.php(13): view()
 6 SYSTEMPATH/CodeIgniter.php(927): App\Controllers\UsuarioController->index()
 7 SYSTEMPATH/CodeIgniter.php(482): CodeIgniter\CodeIgniter->runController()
 8 SYSTEMPATH/CodeIgniter.php(351): CodeIgniter\CodeIgniter->handleRequest()
 9 FCPATH/index.php(67): CodeIgniter\CodeIgniter->run()
CRITICAL - 2022-11-22 13:40:50 --> Undefined variable: router
in APPPATH/Config/Routes.php on line 47.
 1 APPPATH/Config/Routes.php(47): CodeIgniter\Debug\Exceptions->errorHandler()
 2 SYSTEMPATH/CodeIgniter.php(789): require('APPPATH/Config/Routes.php')
 3 SYSTEMPATH/CodeIgniter.php(430): CodeIgniter\CodeIgniter->tryToRouteIt()
 4 SYSTEMPATH/CodeIgniter.php(351): CodeIgniter\CodeIgniter->handleRequest()
 5 FCPATH/index.php(67): CodeIgniter\CodeIgniter->run()
CRITICAL - 2022-11-22 14:03:47 --> Array to string conversion
in APPPATH/Controllers/UsuarioController.php on line 41.
 1 APPPATH/Controllers/UsuarioController.php(41): CodeIgniter\Debug\Exceptions->errorHandler()
 2 SYSTEMPATH/CodeIgniter.php(927): App\Controllers\UsuarioController->getusuarios()
 3 SYSTEMPATH/CodeIgniter.php(482): CodeIgniter\CodeIgniter->runController()
 4 SYSTEMPATH/CodeIgniter.php(351): CodeIgniter\CodeIgniter->handleRequest()
 5 FCPATH/index.php(67): CodeIgniter\CodeIgniter->run()
ERROR - 2022-11-22 14:06:52 --> mysqli_sql_exception: Duplicate entry 'kira' for key 'usuario.username' in /var/www/html/prueba/system/Database/MySQLi/Connection.php:292
Stack trace:
#0 /var/www/html/prueba/system/Database/MySQLi/Connection.php(292): mysqli->query()
#1 /var/www/html/prueba/system/Database/BaseConnection.php(666): CodeIgniter\Database\MySQLi\Connection->execute()
#2 /var/www/html/prueba/system/Database/BaseConnection.php(593): CodeIgniter\Database\BaseConnection->simpleQuery()
#3 /var/www/html/prueba/system/Database/BaseBuilder.php(1916): CodeIgniter\Database\BaseConnection->query()
#4 /var/www/html/prueba/system/Model.php(279): CodeIgniter\Database\BaseBuilder->insert()
#5 /var/www/html/prueba/system/BaseModel.php(749): CodeIgniter\Model->doInsert()
#6 /var/www/html/prueba/system/Model.php(667): CodeIgniter\BaseModel->insert()
#7 /var/www/html/prueba/app/Controllers/UsuarioController.php(28): CodeIgniter\Model->insert()
#8 /var/www/html/prueba/system/CodeIgniter.php(927): App\Controllers\UsuarioController->guardar()
#9 /var/www/html/prueba/system/CodeIgniter.php(482): CodeIgniter\CodeIgniter->runController()
#10 /var/www/html/prueba/system/CodeIgniter.php(351): CodeIgniter\CodeIgniter->handleRequest()
#11 /var/www/html/prueba/public/index.php(67): CodeIgniter\CodeIgniter->run()
#12 {main}
CRITICAL - 2022-11-22 14:06:52 --> Duplicate entry 'kira' for key 'usuario.username'
in SYSTEMPATH/Database/MySQLi/Connection.php on line 292.
 1 SYSTEMPATH/Database/MySQLi/Connection.php(292): mysqli->query()
 2 SYSTEMPATH/Database/BaseConnection.php(666): CodeIgniter\Database\MySQLi\Connection->execute()
 3 SYSTEMPATH/Database/BaseConnection.php(593): CodeIgniter\Database\BaseConnection->simpleQuery()
 4 SYSTEMPATH/Database/BaseBuilder.php(1916): CodeIgniter\Database\BaseConnection->query()
 5 SYSTEMPATH/Model.php(279): CodeIgniter\Database\BaseBuilder->insert()
 6 SYSTEMPATH/BaseModel.php(749): CodeIgniter\Model->doInsert()
 7 SYSTEMPATH/Model.php(667): CodeIgniter\BaseModel->insert()
 8 APPPATH/Controllers/UsuarioController.php(28): CodeIgniter\Model->insert()
 9 SYSTEMPATH/CodeIgniter.php(927): App\Controllers\UsuarioController->guardar()
10 SYSTEMPATH/CodeIgniter.php(482): CodeIgniter\CodeIgniter->runController()
11 SYSTEMPATH/CodeIgniter.php(351): CodeIgniter\CodeIgniter->handleRequest()
12 FCPATH/index.php(67): CodeIgniter\CodeIgniter->run()
ERROR - 2022-11-22 14:17:08 --> mysqli_sql_exception: Duplicate entry 'kira' for key 'usuario.username' in /var/www/html/prueba/system/Database/MySQLi/Connection.php:292
Stack trace:
#0 /var/www/html/prueba/system/Database/MySQLi/Connection.php(292): mysqli->query()
#1 /var/www/html/prueba/system/Database/BaseConnection.php(666): CodeIgniter\Database\MySQLi\Connection->execute()
#2 /var/www/html/prueba/system/Database/BaseConnection.php(593): CodeIgniter\Database\BaseConnection->simpleQuery()
#3 /var/www/html/prueba/system/Database/BaseBuilder.php(1916): CodeIgniter\Database\BaseConnection->query()
#4 /var/www/html/prueba/system/Model.php(279): CodeIgniter\Database\BaseBuilder->insert()
#5 /var/www/html/prueba/system/BaseModel.php(749): CodeIgniter\Model->doInsert()
#6 /var/www/html/prueba/system/Model.php(667): CodeIgniter\BaseModel->insert()
#7 /var/www/html/prueba/app/Controllers/UsuarioController.php(28): CodeIgniter\Model->insert()
#8 /var/www/html/prueba/system/CodeIgniter.php(927): App\Controllers\UsuarioController->guardar()
#9 /var/www/html/prueba/system/CodeIgniter.php(482): CodeIgniter\CodeIgniter->runController()
#10 /var/www/html/prueba/system/CodeIgniter.php(351): CodeIgniter\CodeIgniter->handleRequest()
#11 /var/www/html/prueba/public/index.php(67): CodeIgniter\CodeIgniter->run()
#12 {main}
CRITICAL - 2022-11-22 14:17:08 --> Duplicate entry 'kira' for key 'usuario.username'
in SYSTEMPATH/Database/MySQLi/Connection.php on line 292.
 1 SYSTEMPATH/Database/MySQLi/Connection.php(292): mysqli->query()
 2 SYSTEMPATH/Database/BaseConnection.php(666): CodeIgniter\Database\MySQLi\Connection->execute()
 3 SYSTEMPATH/Database/BaseConnection.php(593): CodeIgniter\Database\BaseConnection->simpleQuery()
 4 SYSTEMPATH/Database/BaseBuilder.php(1916): CodeIgniter\Database\BaseConnection->query()
 5 SYSTEMPATH/Model.php(279): CodeIgniter\Database\BaseBuilder->insert()
 6 SYSTEMPATH/BaseModel.php(749): CodeIgniter\Model->doInsert()
 7 SYSTEMPATH/Model.php(667): CodeIgniter\BaseModel->insert()
 8 APPPATH/Controllers/UsuarioController.php(28): CodeIgniter\Model->insert()
 9 SYSTEMPATH/CodeIgniter.php(927): App\Controllers\UsuarioController->guardar()
10 SYSTEMPATH/CodeIgniter.php(482): CodeIgniter\CodeIgniter->runController()
11 SYSTEMPATH/CodeIgniter.php(351): CodeIgniter\CodeIgniter->handleRequest()
12 FCPATH/index.php(67): CodeIgniter\CodeIgniter->run()
ERROR - 2022-11-22 14:27:01 --> mysqli_sql_exception: Duplicate entry 'kira' for key 'usuario.username' in /var/www/html/prueba/system/Database/MySQLi/Connection.php:292
Stack trace:
#0 /var/www/html/prueba/system/Database/MySQLi/Connection.php(292): mysqli->query()
#1 /var/www/html/prueba/system/Database/BaseConnection.php(666): CodeIgniter\Database\MySQLi\Connection->execute()
#2 /var/www/html/prueba/system/Database/BaseConnection.php(593): CodeIgniter\Database\BaseConnection->simpleQuery()
#3 /var/www/html/prueba/system/Database/BaseBuilder.php(1916): CodeIgniter\Database\BaseConnection->query()
#4 /var/www/html/prueba/system/Model.php(279): CodeIgniter\Database\BaseBuilder->insert()
#5 /var/www/html/prueba/system/BaseModel.php(749): CodeIgniter\Model->doInsert()
#6 /var/www/html/prueba/system/Model.php(667): CodeIgniter\BaseModel->insert()
#7 /var/www/html/prueba/app/Controllers/UsuarioController.php(28): CodeIgniter\Model->insert()
#8 /var/www/html/prueba/system/CodeIgniter.php(927): App\Controllers\UsuarioController->guardar()
#9 /var/www/html/prueba/system/CodeIgniter.php(482): CodeIgniter\CodeIgniter->runController()
#10 /var/www/html/prueba/system/CodeIgniter.php(351): CodeIgniter\CodeIgniter->handleRequest()
#11 /var/www/html/prueba/public/index.php(67): CodeIgniter\CodeIgniter->run()
#12 {main}
CRITICAL - 2022-11-22 14:27:01 --> Duplicate entry 'kira' for key 'usuario.username'
in SYSTEMPATH/Database/MySQLi/Connection.php on line 292.
 1 SYSTEMPATH/Database/MySQLi/Connection.php(292): mysqli->query()
 2 SYSTEMPATH/Database/BaseConnection.php(666): CodeIgniter\Database\MySQLi\Connection->execute()
 3 SYSTEMPATH/Database/BaseConnection.php(593): CodeIgniter\Database\BaseConnection->simpleQuery()
 4 SYSTEMPATH/Database/BaseBuilder.php(1916): CodeIgniter\Database\BaseConnection->query()
 5 SYSTEMPATH/Model.php(279): CodeIgniter\Database\BaseBuilder->insert()
 6 SYSTEMPATH/BaseModel.php(749): CodeIgniter\Model->doInsert()
 7 SYSTEMPATH/Model.php(667): CodeIgniter\BaseModel->insert()
 8 APPPATH/Controllers/UsuarioController.php(28): CodeIgniter\Model->insert()
 9 SYSTEMPATH/CodeIgniter.php(927): App\Controllers\UsuarioController->guardar()
10 SYSTEMPATH/CodeIgniter.php(482): CodeIgniter\CodeIgniter->runController()
11 SYSTEMPATH/CodeIgniter.php(351): CodeIgniter\CodeIgniter->handleRequest()
12 FCPATH/index.php(67): CodeIgniter\CodeIgniter->run()
ERROR - 2022-11-22 14:27:38 --> mysqli_sql_exception: Duplicate entry 'kira' for key 'usuario.username' in /var/www/html/prueba/system/Database/MySQLi/Connection.php:292
Stack trace:
#0 /var/www/html/prueba/system/Database/MySQLi/Connection.php(292): mysqli->query()
#1 /var/www/html/prueba/system/Database/BaseConnection.php(666): CodeIgniter\Database\MySQLi\Connection->execute()
#2 /var/www/html/prueba/system/Database/BaseConnection.php(593): CodeIgniter\Database\BaseConnection->simpleQuery()
#3 /var/www/html/prueba/system/Database/BaseBuilder.php(1916): CodeIgniter\Database\BaseConnection->query()
#4 /var/www/html/prueba/system/Model.php(279): CodeIgniter\Database\BaseBuilder->insert()
#5 /var/www/html/prueba/system/BaseModel.php(749): CodeIgniter\Model->doInsert()
#6 /var/www/html/prueba/system/Model.php(667): CodeIgniter\BaseModel->insert()
#7 /var/www/html/prueba/app/Controllers/UsuarioController.php(28): CodeIgniter\Model->insert()
#8 /var/www/html/prueba/system/CodeIgniter.php(927): App\Controllers\UsuarioController->guardar()
#9 /var/www/html/prueba/system/CodeIgniter.php(482): CodeIgniter\CodeIgniter->runController()
#10 /var/www/html/prueba/system/CodeIgniter.php(351): CodeIgniter\CodeIgniter->handleRequest()
#11 /var/www/html/prueba/public/index.php(67): CodeIgniter\CodeIgniter->run()
#12 {main}
CRITICAL - 2022-11-22 14:27:38 --> Duplicate entry 'kira' for key 'usuario.username'
in SYSTEMPATH/Database/MySQLi/Connection.php on line 292.
 1 SYSTEMPATH/Database/MySQLi/Connection.php(292): mysqli->query()
 2 SYSTEMPATH/Database/BaseConnection.php(666): CodeIgniter\Database\MySQLi\Connection->execute()
 3 SYSTEMPATH/Database/BaseConnection.php(593): CodeIgniter\Database\BaseConnection->simpleQuery()
 4 SYSTEMPATH/Database/BaseBuilder.php(1916): CodeIgniter\Database\BaseConnection->query()
 5 SYSTEMPATH/Model.php(279): CodeIgniter\Database\BaseBuilder->insert()
 6 SYSTEMPATH/BaseModel.php(749): CodeIgniter\Model->doInsert()
 7 SYSTEMPATH/Model.php(667): CodeIgniter\BaseModel->insert()
 8 APPPATH/Controllers/UsuarioController.php(28): CodeIgniter\Model->insert()
 9 SYSTEMPATH/CodeIgniter.php(927): App\Controllers\UsuarioController->guardar()
10 SYSTEMPATH/CodeIgniter.php(482): CodeIgniter\CodeIgniter->runController()
11 SYSTEMPATH/CodeIgniter.php(351): CodeIgniter\CodeIgniter->handleRequest()
12 FCPATH/index.php(67): CodeIgniter\CodeIgniter->run()
