CRITICAL - 2022-11-23 03:18:02 --> Undefined variable: head
in APPPATH/Views/usuario/listar.php on line 1.
 1 APPPATH/Views/usuario/listar.php(1): CodeIgniter\Debug\Exceptions->errorHandler()
 2 SYSTEMPATH/View/View.php(213): include('APPPATH/Views/usuario/listar.php')
 3 SYSTEMPATH/View/View.php(216): CodeIgniter\View\View->CodeIgniter\View\{closure}()
 4 SYSTEMPATH/Common.php(1134): CodeIgniter\View\View->render()
 5 APPPATH/Controllers/UsuarioController.php(13): view()
 6 SYSTEMPATH/CodeIgniter.php(927): App\Controllers\UsuarioController->index()
 7 SYSTEMPATH/CodeIgniter.php(482): CodeIgniter\CodeIgniter->runController()
 8 SYSTEMPATH/CodeIgniter.php(351): CodeIgniter\CodeIgniter->handleRequest()
 9 FCPATH/index.php(67): CodeIgniter\CodeIgniter->run()
CRITICAL - 2022-11-23 03:45:04 --> Array to string conversion
in APPPATH/Views/usuario/editar.php on line 11.
 1 APPPATH/Views/usuario/editar.php(11): CodeIgniter\Debug\Exceptions->errorHandler()
 2 SYSTEMPATH/View/View.php(213): include('APPPATH/Views/usuario/editar.php')
 3 SYSTEMPATH/View/View.php(216): CodeIgniter\View\View->CodeIgniter\View\{closure}()
 4 SYSTEMPATH/Common.php(1134): CodeIgniter\View\View->render()
 5 APPPATH/Controllers/UsuarioController.php(30): view()
 6 SYSTEMPATH/CodeIgniter.php(927): App\Controllers\UsuarioController->editar()
 7 SYSTEMPATH/CodeIgniter.php(482): CodeIgniter\CodeIgniter->runController()
 8 SYSTEMPATH/CodeIgniter.php(351): CodeIgniter\CodeIgniter->handleRequest()
 9 FCPATH/index.php(67): CodeIgniter\CodeIgniter->run()
CRITICAL - 2022-11-23 04:17:26 --> Undefined variable: base_url
in APPPATH/Views/templates/cabecera.php on line 4.
 1 APPPATH/Views/templates/cabecera.php(4): CodeIgniter\Debug\Exceptions->errorHandler()
 2 SYSTEMPATH/View/View.php(213): include('APPPATH/Views/templates/cabecera.php')
 3 SYSTEMPATH/View/View.php(216): CodeIgniter\View\View->CodeIgniter\View\{closure}()
 4 SYSTEMPATH/Common.php(1134): CodeIgniter\View\View->render()
 5 APPPATH/Controllers/UsuarioController.php(19): view()
 6 SYSTEMPATH/CodeIgniter.php(927): App\Controllers\UsuarioController->crear()
 7 SYSTEMPATH/CodeIgniter.php(482): CodeIgniter\CodeIgniter->runController()
 8 SYSTEMPATH/CodeIgniter.php(351): CodeIgniter\CodeIgniter->handleRequest()
 9 FCPATH/index.php(67): CodeIgniter\CodeIgniter->run()
CRITICAL - 2022-11-23 04:18:20 --> The route for "http://localhost/prueba/public/usuarios" cannot be found.
in SYSTEMPATH/HTTP/RedirectResponse.php on line 60.
 1 SYSTEMPATH/HTTP/RedirectResponse.php(60): CodeIgniter\HTTP\Exceptions\HTTPException::forInvalidRedirectRoute()
 2 SYSTEMPATH/Common.php(860): CodeIgniter\HTTP\RedirectResponse->route()
 3 APPPATH/Views/templates/cabecera.php(4): redirect()
 4 SYSTEMPATH/View/View.php(213): include('APPPATH/Views/templates/cabecera.php')
 5 SYSTEMPATH/View/View.php(216): CodeIgniter\View\View->CodeIgniter\View\{closure}()
 6 SYSTEMPATH/Common.php(1134): CodeIgniter\View\View->render()
 7 APPPATH/Controllers/UsuarioController.php(19): view()
 8 SYSTEMPATH/CodeIgniter.php(927): App\Controllers\UsuarioController->crear()
 9 SYSTEMPATH/CodeIgniter.php(482): CodeIgniter\CodeIgniter->runController()
10 SYSTEMPATH/CodeIgniter.php(351): CodeIgniter\CodeIgniter->handleRequest()
11 FCPATH/index.php(67): CodeIgniter\CodeIgniter->run()
CRITICAL - 2022-11-23 04:21:50 --> Undefined variable: base_url
in APPPATH/Views/templates/cabecera.php on line 4.
 1 APPPATH/Views/templates/cabecera.php(4): CodeIgniter\Debug\Exceptions->errorHandler()
 2 SYSTEMPATH/View/View.php(213): include('APPPATH/Views/templates/cabecera.php')
 3 SYSTEMPATH/View/View.php(216): CodeIgniter\View\View->CodeIgniter\View\{closure}()
 4 SYSTEMPATH/Common.php(1134): CodeIgniter\View\View->render()
 5 APPPATH/Controllers/UsuarioController.php(11): view()
 6 SYSTEMPATH/CodeIgniter.php(927): App\Controllers\UsuarioController->index()
 7 SYSTEMPATH/CodeIgniter.php(482): CodeIgniter\CodeIgniter->runController()
 8 SYSTEMPATH/CodeIgniter.php(351): CodeIgniter\CodeIgniter->handleRequest()
 9 FCPATH/index.php(67): CodeIgniter\CodeIgniter->run()
CRITICAL - 2022-11-23 04:21:58 --> Use of undefined constant base_url - assumed 'base_url' (this will throw an Error in a future version of PHP)
in APPPATH/Views/templates/cabecera.php on line 4.
 1 APPPATH/Views/templates/cabecera.php(4): CodeIgniter\Debug\Exceptions->errorHandler()
 2 SYSTEMPATH/View/View.php(213): include('APPPATH/Views/templates/cabecera.php')
 3 SYSTEMPATH/View/View.php(216): CodeIgniter\View\View->CodeIgniter\View\{closure}()
 4 SYSTEMPATH/Common.php(1134): CodeIgniter\View\View->render()
 5 APPPATH/Controllers/UsuarioController.php(11): view()
 6 SYSTEMPATH/CodeIgniter.php(927): App\Controllers\UsuarioController->index()
 7 SYSTEMPATH/CodeIgniter.php(482): CodeIgniter\CodeIgniter->runController()
 8 SYSTEMPATH/CodeIgniter.php(351): CodeIgniter\CodeIgniter->handleRequest()
 9 FCPATH/index.php(67): CodeIgniter\CodeIgniter->run()
CRITICAL - 2022-11-23 04:28:53 --> The route for "http://localhost/prueba/public/login" cannot be found.
in SYSTEMPATH/HTTP/RedirectResponse.php on line 60.
 1 SYSTEMPATH/HTTP/RedirectResponse.php(60): CodeIgniter\HTTP\Exceptions\HTTPException::forInvalidRedirectRoute()
 2 SYSTEMPATH/Common.php(860): CodeIgniter\HTTP\RedirectResponse->route()
 3 APPPATH/Views/templates/head.php(4): redirect()
 4 SYSTEMPATH/View/View.php(213): include('APPPATH/Views/templates/head.php')
 5 SYSTEMPATH/View/View.php(216): CodeIgniter\View\View->CodeIgniter\View\{closure}()
 6 SYSTEMPATH/Common.php(1134): CodeIgniter\View\View->render()
 7 APPPATH/Controllers/UsuarioController.php(10): view()
 8 SYSTEMPATH/CodeIgniter.php(927): App\Controllers\UsuarioController->index()
 9 SYSTEMPATH/CodeIgniter.php(482): CodeIgniter\CodeIgniter->runController()
10 SYSTEMPATH/CodeIgniter.php(351): CodeIgniter\CodeIgniter->handleRequest()
11 FCPATH/index.php(67): CodeIgniter\CodeIgniter->run()
CRITICAL - 2022-11-23 04:29:29 --> The route for "http://localhost/prueba/public/login" cannot be found.
in SYSTEMPATH/HTTP/RedirectResponse.php on line 60.
 1 SYSTEMPATH/HTTP/RedirectResponse.php(60): CodeIgniter\HTTP\Exceptions\HTTPException::forInvalidRedirectRoute()
 2 SYSTEMPATH/Common.php(860): CodeIgniter\HTTP\RedirectResponse->route()
 3 APPPATH/Views/templates/head.php(4): redirect()
 4 SYSTEMPATH/View/View.php(213): include('APPPATH/Views/templates/head.php')
 5 SYSTEMPATH/View/View.php(216): CodeIgniter\View\View->CodeIgniter\View\{closure}()
 6 SYSTEMPATH/Common.php(1134): CodeIgniter\View\View->render()
 7 APPPATH/Controllers/UsuarioController.php(10): view()
 8 SYSTEMPATH/CodeIgniter.php(927): App\Controllers\UsuarioController->index()
 9 SYSTEMPATH/CodeIgniter.php(482): CodeIgniter\CodeIgniter->runController()
10 SYSTEMPATH/CodeIgniter.php(351): CodeIgniter\CodeIgniter->handleRequest()
11 FCPATH/index.php(67): CodeIgniter\CodeIgniter->run()
CRITICAL - 2022-11-23 04:29:29 --> The route for "http://localhost/prueba/public/login" cannot be found.
in SYSTEMPATH/HTTP/RedirectResponse.php on line 60.
 1 SYSTEMPATH/HTTP/RedirectResponse.php(60): CodeIgniter\HTTP\Exceptions\HTTPException::forInvalidRedirectRoute()
 2 SYSTEMPATH/Common.php(860): CodeIgniter\HTTP\RedirectResponse->route()
 3 APPPATH/Views/templates/head.php(4): redirect()
 4 SYSTEMPATH/View/View.php(213): include('APPPATH/Views/templates/head.php')
 5 SYSTEMPATH/View/View.php(216): CodeIgniter\View\View->CodeIgniter\View\{closure}()
 6 SYSTEMPATH/Common.php(1134): CodeIgniter\View\View->render()
 7 APPPATH/Controllers/UsuarioController.php(18): view()
 8 SYSTEMPATH/CodeIgniter.php(927): App\Controllers\UsuarioController->crear()
 9 SYSTEMPATH/CodeIgniter.php(482): CodeIgniter\CodeIgniter->runController()
10 SYSTEMPATH/CodeIgniter.php(351): CodeIgniter\CodeIgniter->handleRequest()
11 FCPATH/index.php(67): CodeIgniter\CodeIgniter->run()
CRITICAL - 2022-11-23 04:29:31 --> The route for "http://localhost/prueba/public/login" cannot be found.
in SYSTEMPATH/HTTP/RedirectResponse.php on line 60.
 1 SYSTEMPATH/HTTP/RedirectResponse.php(60): CodeIgniter\HTTP\Exceptions\HTTPException::forInvalidRedirectRoute()
 2 SYSTEMPATH/Common.php(860): CodeIgniter\HTTP\RedirectResponse->route()
 3 APPPATH/Views/templates/head.php(4): redirect()
 4 SYSTEMPATH/View/View.php(213): include('APPPATH/Views/templates/head.php')
 5 SYSTEMPATH/View/View.php(216): CodeIgniter\View\View->CodeIgniter\View\{closure}()
 6 SYSTEMPATH/Common.php(1134): CodeIgniter\View\View->render()
 7 APPPATH/Controllers/UsuarioController.php(10): view()
 8 SYSTEMPATH/CodeIgniter.php(927): App\Controllers\UsuarioController->index()
 9 SYSTEMPATH/CodeIgniter.php(482): CodeIgniter\CodeIgniter->runController()
10 SYSTEMPATH/CodeIgniter.php(351): CodeIgniter\CodeIgniter->handleRequest()
11 FCPATH/index.php(67): CodeIgniter\CodeIgniter->run()
CRITICAL - 2022-11-23 04:29:33 --> The route for "http://localhost/prueba/public/login" cannot be found.
in SYSTEMPATH/HTTP/RedirectResponse.php on line 60.
 1 SYSTEMPATH/HTTP/RedirectResponse.php(60): CodeIgniter\HTTP\Exceptions\HTTPException::forInvalidRedirectRoute()
 2 SYSTEMPATH/Common.php(860): CodeIgniter\HTTP\RedirectResponse->route()
 3 APPPATH/Views/templates/head.php(4): redirect()
 4 SYSTEMPATH/View/View.php(213): include('APPPATH/Views/templates/head.php')
 5 SYSTEMPATH/View/View.php(216): CodeIgniter\View\View->CodeIgniter\View\{closure}()
 6 SYSTEMPATH/Common.php(1134): CodeIgniter\View\View->render()
 7 APPPATH/Controllers/UsuarioController.php(10): view()
 8 SYSTEMPATH/CodeIgniter.php(927): App\Controllers\UsuarioController->index()
 9 SYSTEMPATH/CodeIgniter.php(482): CodeIgniter\CodeIgniter->runController()
10 SYSTEMPATH/CodeIgniter.php(351): CodeIgniter\CodeIgniter->handleRequest()
11 FCPATH/index.php(67): CodeIgniter\CodeIgniter->run()
CRITICAL - 2022-11-23 04:29:40 --> The route for "http://localhost/prueba/public/login" cannot be found.
in SYSTEMPATH/HTTP/RedirectResponse.php on line 60.
 1 SYSTEMPATH/HTTP/RedirectResponse.php(60): CodeIgniter\HTTP\Exceptions\HTTPException::forInvalidRedirectRoute()
 2 SYSTEMPATH/Common.php(860): CodeIgniter\HTTP\RedirectResponse->route()
 3 APPPATH/Views/templates/head.php(4): redirect()
 4 SYSTEMPATH/View/View.php(213): include('APPPATH/Views/templates/head.php')
 5 SYSTEMPATH/View/View.php(216): CodeIgniter\View\View->CodeIgniter\View\{closure}()
 6 SYSTEMPATH/Common.php(1134): CodeIgniter\View\View->render()
 7 APPPATH/Controllers/UsuarioController.php(10): view()
 8 SYSTEMPATH/CodeIgniter.php(927): App\Controllers\UsuarioController->index()
 9 SYSTEMPATH/CodeIgniter.php(482): CodeIgniter\CodeIgniter->runController()
10 SYSTEMPATH/CodeIgniter.php(351): CodeIgniter\CodeIgniter->handleRequest()
11 FCPATH/index.php(67): CodeIgniter\CodeIgniter->run()
CRITICAL - 2022-11-23 04:29:43 --> The route for "http://localhost/prueba/public/login" cannot be found.
in SYSTEMPATH/HTTP/RedirectResponse.php on line 60.
 1 SYSTEMPATH/HTTP/RedirectResponse.php(60): CodeIgniter\HTTP\Exceptions\HTTPException::forInvalidRedirectRoute()
 2 SYSTEMPATH/Common.php(860): CodeIgniter\HTTP\RedirectResponse->route()
 3 APPPATH/Views/templates/head.php(4): redirect()
 4 SYSTEMPATH/View/View.php(213): include('APPPATH/Views/templates/head.php')
 5 SYSTEMPATH/View/View.php(216): CodeIgniter\View\View->CodeIgniter\View\{closure}()
 6 SYSTEMPATH/Common.php(1134): CodeIgniter\View\View->render()
 7 APPPATH/Controllers/UsuarioController.php(10): view()
 8 SYSTEMPATH/CodeIgniter.php(927): App\Controllers\UsuarioController->index()
 9 SYSTEMPATH/CodeIgniter.php(482): CodeIgniter\CodeIgniter->runController()
10 SYSTEMPATH/CodeIgniter.php(351): CodeIgniter\CodeIgniter->handleRequest()
11 FCPATH/index.php(67): CodeIgniter\CodeIgniter->run()
CRITICAL - 2022-11-23 04:29:46 --> The route for "http://localhost/prueba/public/login" cannot be found.
in SYSTEMPATH/HTTP/RedirectResponse.php on line 60.
 1 SYSTEMPATH/HTTP/RedirectResponse.php(60): CodeIgniter\HTTP\Exceptions\HTTPException::forInvalidRedirectRoute()
 2 SYSTEMPATH/Common.php(860): CodeIgniter\HTTP\RedirectResponse->route()
 3 APPPATH/Views/templates/head.php(4): redirect()
 4 SYSTEMPATH/View/View.php(213): include('APPPATH/Views/templates/head.php')
 5 SYSTEMPATH/View/View.php(216): CodeIgniter\View\View->CodeIgniter\View\{closure}()
 6 SYSTEMPATH/Common.php(1134): CodeIgniter\View\View->render()
 7 APPPATH/Controllers/UsuarioController.php(10): view()
 8 SYSTEMPATH/CodeIgniter.php(927): App\Controllers\UsuarioController->index()
 9 SYSTEMPATH/CodeIgniter.php(482): CodeIgniter\CodeIgniter->runController()
10 SYSTEMPATH/CodeIgniter.php(351): CodeIgniter\CodeIgniter->handleRequest()
11 FCPATH/index.php(67): CodeIgniter\CodeIgniter->run()
CRITICAL - 2022-11-23 04:30:15 --> The route for "http://localhost/prueba/public/login" cannot be found.
in SYSTEMPATH/HTTP/RedirectResponse.php on line 60.
 1 SYSTEMPATH/HTTP/RedirectResponse.php(60): CodeIgniter\HTTP\Exceptions\HTTPException::forInvalidRedirectRoute()
 2 SYSTEMPATH/Common.php(860): CodeIgniter\HTTP\RedirectResponse->route()
 3 APPPATH/Views/templates/head.php(4): redirect()
 4 SYSTEMPATH/View/View.php(213): include('APPPATH/Views/templates/head.php')
 5 SYSTEMPATH/View/View.php(216): CodeIgniter\View\View->CodeIgniter\View\{closure}()
 6 SYSTEMPATH/Common.php(1134): CodeIgniter\View\View->render()
 7 APPPATH/Controllers/UsuarioController.php(10): view()
 8 SYSTEMPATH/CodeIgniter.php(927): App\Controllers\UsuarioController->index()
 9 SYSTEMPATH/CodeIgniter.php(482): CodeIgniter\CodeIgniter->runController()
10 SYSTEMPATH/CodeIgniter.php(351): CodeIgniter\CodeIgniter->handleRequest()
11 FCPATH/index.php(67): CodeIgniter\CodeIgniter->run()
CRITICAL - 2022-11-23 04:30:15 --> The route for "http://localhost/prueba/public/login" cannot be found.
in SYSTEMPATH/HTTP/RedirectResponse.php on line 60.
 1 SYSTEMPATH/HTTP/RedirectResponse.php(60): CodeIgniter\HTTP\Exceptions\HTTPException::forInvalidRedirectRoute()
 2 SYSTEMPATH/Common.php(860): CodeIgniter\HTTP\RedirectResponse->route()
 3 APPPATH/Views/templates/head.php(4): redirect()
 4 SYSTEMPATH/View/View.php(213): include('APPPATH/Views/templates/head.php')
 5 SYSTEMPATH/View/View.php(216): CodeIgniter\View\View->CodeIgniter\View\{closure}()
 6 SYSTEMPATH/Common.php(1134): CodeIgniter\View\View->render()
 7 APPPATH/Controllers/UsuarioController.php(10): view()
 8 SYSTEMPATH/CodeIgniter.php(927): App\Controllers\UsuarioController->index()
 9 SYSTEMPATH/CodeIgniter.php(482): CodeIgniter\CodeIgniter->runController()
10 SYSTEMPATH/CodeIgniter.php(351): CodeIgniter\CodeIgniter->handleRequest()
11 FCPATH/index.php(67): CodeIgniter\CodeIgniter->run()
CRITICAL - 2022-11-23 04:30:24 --> The route for "http://localhost/prueba/public" cannot be found.
in SYSTEMPATH/HTTP/RedirectResponse.php on line 60.
 1 SYSTEMPATH/HTTP/RedirectResponse.php(60): CodeIgniter\HTTP\Exceptions\HTTPException::forInvalidRedirectRoute()
 2 SYSTEMPATH/Common.php(860): CodeIgniter\HTTP\RedirectResponse->route()
 3 APPPATH/Views/templates/head.php(4): redirect()
 4 SYSTEMPATH/View/View.php(213): include('APPPATH/Views/templates/head.php')
 5 SYSTEMPATH/View/View.php(216): CodeIgniter\View\View->CodeIgniter\View\{closure}()
 6 SYSTEMPATH/Common.php(1134): CodeIgniter\View\View->render()
 7 APPPATH/Controllers/UsuarioController.php(10): view()
 8 SYSTEMPATH/CodeIgniter.php(927): App\Controllers\UsuarioController->index()
 9 SYSTEMPATH/CodeIgniter.php(482): CodeIgniter\CodeIgniter->runController()
10 SYSTEMPATH/CodeIgniter.php(351): CodeIgniter\CodeIgniter->handleRequest()
11 FCPATH/index.php(67): CodeIgniter\CodeIgniter->run()
CRITICAL - 2022-11-23 04:30:35 --> The route for "http://localhost/prueba/public" cannot be found.
in SYSTEMPATH/HTTP/RedirectResponse.php on line 60.
 1 SYSTEMPATH/HTTP/RedirectResponse.php(60): CodeIgniter\HTTP\Exceptions\HTTPException::forInvalidRedirectRoute()
 2 SYSTEMPATH/Common.php(860): CodeIgniter\HTTP\RedirectResponse->route()
 3 APPPATH/Views/templates/head.php(4): redirect()
 4 SYSTEMPATH/View/View.php(213): include('APPPATH/Views/templates/head.php')
 5 SYSTEMPATH/View/View.php(216): CodeIgniter\View\View->CodeIgniter\View\{closure}()
 6 SYSTEMPATH/Common.php(1134): CodeIgniter\View\View->render()
 7 APPPATH/Controllers/UsuarioController.php(10): view()
 8 SYSTEMPATH/CodeIgniter.php(927): App\Controllers\UsuarioController->index()
 9 SYSTEMPATH/CodeIgniter.php(482): CodeIgniter\CodeIgniter->runController()
10 SYSTEMPATH/CodeIgniter.php(351): CodeIgniter\CodeIgniter->handleRequest()
11 FCPATH/index.php(67): CodeIgniter\CodeIgniter->run()
CRITICAL - 2022-11-23 04:31:48 --> The route for "http://localhost/prueba/public/login" cannot be found.
in SYSTEMPATH/HTTP/RedirectResponse.php on line 60.
 1 SYSTEMPATH/HTTP/RedirectResponse.php(60): CodeIgniter\HTTP\Exceptions\HTTPException::forInvalidRedirectRoute()
 2 SYSTEMPATH/Common.php(860): CodeIgniter\HTTP\RedirectResponse->route()
 3 APPPATH/Views/templates/head.php(4): redirect()
 4 SYSTEMPATH/View/View.php(213): include('APPPATH/Views/templates/head.php')
 5 SYSTEMPATH/View/View.php(216): CodeIgniter\View\View->CodeIgniter\View\{closure}()
 6 SYSTEMPATH/Common.php(1134): CodeIgniter\View\View->render()
 7 APPPATH/Controllers/UsuarioController.php(10): view()
 8 SYSTEMPATH/CodeIgniter.php(927): App\Controllers\UsuarioController->index()
 9 SYSTEMPATH/CodeIgniter.php(482): CodeIgniter\CodeIgniter->runController()
10 SYSTEMPATH/CodeIgniter.php(351): CodeIgniter\CodeIgniter->handleRequest()
11 FCPATH/index.php(67): CodeIgniter\CodeIgniter->run()
CRITICAL - 2022-11-23 04:34:11 --> The route for "http://localhost/prueba/public/login" cannot be found.
in SYSTEMPATH/HTTP/RedirectResponse.php on line 60.
 1 SYSTEMPATH/HTTP/RedirectResponse.php(60): CodeIgniter\HTTP\Exceptions\HTTPException::forInvalidRedirectRoute()
 2 SYSTEMPATH/Common.php(860): CodeIgniter\HTTP\RedirectResponse->route()
 3 APPPATH/Views/templates/head.php(4): redirect()
 4 SYSTEMPATH/View/View.php(213): include('APPPATH/Views/templates/head.php')
 5 SYSTEMPATH/View/View.php(216): CodeIgniter\View\View->CodeIgniter\View\{closure}()
 6 SYSTEMPATH/Common.php(1134): CodeIgniter\View\View->render()
 7 APPPATH/Controllers/UsuarioController.php(10): view()
 8 SYSTEMPATH/CodeIgniter.php(927): App\Controllers\UsuarioController->index()
 9 SYSTEMPATH/CodeIgniter.php(482): CodeIgniter\CodeIgniter->runController()
10 SYSTEMPATH/CodeIgniter.php(351): CodeIgniter\CodeIgniter->handleRequest()
11 FCPATH/index.php(67): CodeIgniter\CodeIgniter->run()
CRITICAL - 2022-11-23 05:35:52 --> Undefined variable: usuario
in APPPATH/Controllers/AutenticacionController.php on line 19.
 1 APPPATH/Controllers/AutenticacionController.php(19): CodeIgniter\Debug\Exceptions->errorHandler()
 2 SYSTEMPATH/CodeIgniter.php(927): App\Controllers\AutenticacionController->login()
 3 SYSTEMPATH/CodeIgniter.php(482): CodeIgniter\CodeIgniter->runController()
 4 SYSTEMPATH/CodeIgniter.php(351): CodeIgniter\CodeIgniter->handleRequest()
 5 FCPATH/index.php(67): CodeIgniter\CodeIgniter->run()
CRITICAL - 2022-11-23 05:36:25 --> Undefined variable: usuario
in APPPATH/Controllers/AutenticacionController.php on line 19.
 1 APPPATH/Controllers/AutenticacionController.php(19): CodeIgniter\Debug\Exceptions->errorHandler()
 2 SYSTEMPATH/CodeIgniter.php(927): App\Controllers\AutenticacionController->login()
 3 SYSTEMPATH/CodeIgniter.php(482): CodeIgniter\CodeIgniter->runController()
 4 SYSTEMPATH/CodeIgniter.php(351): CodeIgniter\CodeIgniter->handleRequest()
 5 FCPATH/index.php(67): CodeIgniter\CodeIgniter->run()
CRITICAL - 2022-11-23 05:37:01 --> Trying to get property 'passwd' of non-object
in APPPATH/Controllers/AutenticacionController.php on line 20.
 1 APPPATH/Controllers/AutenticacionController.php(20): CodeIgniter\Debug\Exceptions->errorHandler()
 2 SYSTEMPATH/CodeIgniter.php(927): App\Controllers\AutenticacionController->login()
 3 SYSTEMPATH/CodeIgniter.php(482): CodeIgniter\CodeIgniter->runController()
 4 SYSTEMPATH/CodeIgniter.php(351): CodeIgniter\CodeIgniter->handleRequest()
 5 FCPATH/index.php(67): CodeIgniter\CodeIgniter->run()
CRITICAL - 2022-11-23 05:38:27 --> Use of undefined constant passwd - assumed 'passwd' (this will throw an Error in a future version of PHP)
in APPPATH/Controllers/AutenticacionController.php on line 20.
 1 APPPATH/Controllers/AutenticacionController.php(20): CodeIgniter\Debug\Exceptions->errorHandler()
 2 SYSTEMPATH/CodeIgniter.php(927): App\Controllers\AutenticacionController->login()
 3 SYSTEMPATH/CodeIgniter.php(482): CodeIgniter\CodeIgniter->runController()
 4 SYSTEMPATH/CodeIgniter.php(351): CodeIgniter\CodeIgniter->handleRequest()
 5 FCPATH/index.php(67): CodeIgniter\CodeIgniter->run()
CRITICAL - 2022-11-23 05:39:26 --> Trying to get property 'passwd' of non-object
in APPPATH/Controllers/AutenticacionController.php on line 20.
 1 APPPATH/Controllers/AutenticacionController.php(20): CodeIgniter\Debug\Exceptions->errorHandler()
 2 SYSTEMPATH/CodeIgniter.php(927): App\Controllers\AutenticacionController->login()
 3 SYSTEMPATH/CodeIgniter.php(482): CodeIgniter\CodeIgniter->runController()
 4 SYSTEMPATH/CodeIgniter.php(351): CodeIgniter\CodeIgniter->handleRequest()
 5 FCPATH/index.php(67): CodeIgniter\CodeIgniter->run()
CRITICAL - 2022-11-23 05:40:28 --> Trying to access array offset on value of type null
in APPPATH/Controllers/AutenticacionController.php on line 20.
 1 APPPATH/Controllers/AutenticacionController.php(20): CodeIgniter\Debug\Exceptions->errorHandler()
 2 SYSTEMPATH/CodeIgniter.php(927): App\Controllers\AutenticacionController->login()
 3 SYSTEMPATH/CodeIgniter.php(482): CodeIgniter\CodeIgniter->runController()
 4 SYSTEMPATH/CodeIgniter.php(351): CodeIgniter\CodeIgniter->handleRequest()
 5 FCPATH/index.php(67): CodeIgniter\CodeIgniter->run()
CRITICAL - 2022-11-23 05:43:26 --> Trying to get property 'passwd' of non-object
in APPPATH/Controllers/AutenticacionController.php on line 24.
 1 APPPATH/Controllers/AutenticacionController.php(24): CodeIgniter\Debug\Exceptions->errorHandler()
 2 SYSTEMPATH/CodeIgniter.php(927): App\Controllers\AutenticacionController->login()
 3 SYSTEMPATH/CodeIgniter.php(482): CodeIgniter\CodeIgniter->runController()
 4 SYSTEMPATH/CodeIgniter.php(351): CodeIgniter\CodeIgniter->handleRequest()
 5 FCPATH/index.php(67): CodeIgniter\CodeIgniter->run()
CRITICAL - 2022-11-23 05:43:50 --> Use of undefined constant passwd - assumed 'passwd' (this will throw an Error in a future version of PHP)
in APPPATH/Controllers/AutenticacionController.php on line 24.
 1 APPPATH/Controllers/AutenticacionController.php(24): CodeIgniter\Debug\Exceptions->errorHandler()
 2 SYSTEMPATH/CodeIgniter.php(927): App\Controllers\AutenticacionController->login()
 3 SYSTEMPATH/CodeIgniter.php(482): CodeIgniter\CodeIgniter->runController()
 4 SYSTEMPATH/CodeIgniter.php(351): CodeIgniter\CodeIgniter->handleRequest()
 5 FCPATH/index.php(67): CodeIgniter\CodeIgniter->run()
CRITICAL - 2022-11-23 05:45:19 --> Illegal string offset 'empleado'
in APPPATH/Controllers/AutenticacionController.php on line 24.
 1 APPPATH/Controllers/AutenticacionController.php(24): CodeIgniter\Debug\Exceptions->errorHandler()
 2 SYSTEMPATH/CodeIgniter.php(927): App\Controllers\AutenticacionController->login()
 3 SYSTEMPATH/CodeIgniter.php(482): CodeIgniter\CodeIgniter->runController()
 4 SYSTEMPATH/CodeIgniter.php(351): CodeIgniter\CodeIgniter->handleRequest()
 5 FCPATH/index.php(67): CodeIgniter\CodeIgniter->run()
CRITICAL - 2022-11-23 05:46:09 --> Illegal string offset 'empleado'
in APPPATH/Controllers/AutenticacionController.php on line 25.
 1 APPPATH/Controllers/AutenticacionController.php(25): CodeIgniter\Debug\Exceptions->errorHandler()
 2 SYSTEMPATH/CodeIgniter.php(927): App\Controllers\AutenticacionController->login()
 3 SYSTEMPATH/CodeIgniter.php(482): CodeIgniter\CodeIgniter->runController()
 4 SYSTEMPATH/CodeIgniter.php(351): CodeIgniter\CodeIgniter->handleRequest()
 5 FCPATH/index.php(67): CodeIgniter\CodeIgniter->run()
CRITICAL - 2022-11-23 05:46:31 --> Use of undefined constant empleado - assumed 'empleado' (this will throw an Error in a future version of PHP)
in APPPATH/Controllers/AutenticacionController.php on line 25.
 1 APPPATH/Controllers/AutenticacionController.php(25): CodeIgniter\Debug\Exceptions->errorHandler()
 2 SYSTEMPATH/CodeIgniter.php(927): App\Controllers\AutenticacionController->login()
 3 SYSTEMPATH/CodeIgniter.php(482): CodeIgniter\CodeIgniter->runController()
 4 SYSTEMPATH/CodeIgniter.php(351): CodeIgniter\CodeIgniter->handleRequest()
 5 FCPATH/index.php(67): CodeIgniter\CodeIgniter->run()
CRITICAL - 2022-11-23 05:47:00 --> Trying to get property 'empleado' of non-object
in APPPATH/Controllers/AutenticacionController.php on line 26.
 1 APPPATH/Controllers/AutenticacionController.php(26): CodeIgniter\Debug\Exceptions->errorHandler()
 2 SYSTEMPATH/CodeIgniter.php(927): App\Controllers\AutenticacionController->login()
 3 SYSTEMPATH/CodeIgniter.php(482): CodeIgniter\CodeIgniter->runController()
 4 SYSTEMPATH/CodeIgniter.php(351): CodeIgniter\CodeIgniter->handleRequest()
 5 FCPATH/index.php(67): CodeIgniter\CodeIgniter->run()
CRITICAL - 2022-11-23 05:48:37 --> Illegal string offset 'empleado'
in APPPATH/Controllers/AutenticacionController.php on line 26.
 1 APPPATH/Controllers/AutenticacionController.php(26): CodeIgniter\Debug\Exceptions->errorHandler()
 2 SYSTEMPATH/CodeIgniter.php(927): App\Controllers\AutenticacionController->login()
 3 SYSTEMPATH/CodeIgniter.php(482): CodeIgniter\CodeIgniter->runController()
 4 SYSTEMPATH/CodeIgniter.php(351): CodeIgniter\CodeIgniter->handleRequest()
 5 FCPATH/index.php(67): CodeIgniter\CodeIgniter->run()
CRITICAL - 2022-11-23 08:10:28 --> Undefined variable: empleado
in APPPATH/Views/empleado/listar.php on line 29.
 1 APPPATH/Views/empleado/listar.php(29): CodeIgniter\Debug\Exceptions->errorHandler()
 2 SYSTEMPATH/View/View.php(213): include('APPPATH/Views/empleado/listar.php')
 3 SYSTEMPATH/View/View.php(216): CodeIgniter\View\View->CodeIgniter\View\{closure}()
 4 SYSTEMPATH/Common.php(1134): CodeIgniter\View\View->render()
 5 APPPATH/Controllers/EmpleadoController.php(17): view()
 6 SYSTEMPATH/CodeIgniter.php(927): App\Controllers\EmpleadoController->index()
 7 SYSTEMPATH/CodeIgniter.php(482): CodeIgniter\CodeIgniter->runController()
 8 SYSTEMPATH/CodeIgniter.php(351): CodeIgniter\CodeIgniter->handleRequest()
 9 FCPATH/index.php(67): CodeIgniter\CodeIgniter->run()
CRITICAL - 2022-11-23 08:11:36 --> Undefined offset: 2
in APPPATH/Views/empleado/listar.php on line 29.
 1 APPPATH/Views/empleado/listar.php(29): CodeIgniter\Debug\Exceptions->errorHandler()
 2 SYSTEMPATH/View/View.php(213): include('APPPATH/Views/empleado/listar.php')
 3 SYSTEMPATH/View/View.php(216): CodeIgniter\View\View->CodeIgniter\View\{closure}()
 4 SYSTEMPATH/Common.php(1134): CodeIgniter\View\View->render()
 5 APPPATH/Controllers/EmpleadoController.php(17): view()
 6 SYSTEMPATH/CodeIgniter.php(927): App\Controllers\EmpleadoController->index()
 7 SYSTEMPATH/CodeIgniter.php(482): CodeIgniter\CodeIgniter->runController()
 8 SYSTEMPATH/CodeIgniter.php(351): CodeIgniter\CodeIgniter->handleRequest()
 9 FCPATH/index.php(67): CodeIgniter\CodeIgniter->run()
CRITICAL - 2022-11-23 08:12:38 --> Array to string conversion
in APPPATH/Views/empleado/listar.php on line 29.
 1 APPPATH/Views/empleado/listar.php(29): CodeIgniter\Debug\Exceptions->errorHandler()
 2 SYSTEMPATH/View/View.php(213): include('APPPATH/Views/empleado/listar.php')
 3 SYSTEMPATH/View/View.php(216): CodeIgniter\View\View->CodeIgniter\View\{closure}()
 4 SYSTEMPATH/Common.php(1134): CodeIgniter\View\View->render()
 5 APPPATH/Controllers/EmpleadoController.php(17): view()
 6 SYSTEMPATH/CodeIgniter.php(927): App\Controllers\EmpleadoController->index()
 7 SYSTEMPATH/CodeIgniter.php(482): CodeIgniter\CodeIgniter->runController()
 8 SYSTEMPATH/CodeIgniter.php(351): CodeIgniter\CodeIgniter->handleRequest()
 9 FCPATH/index.php(67): CodeIgniter\CodeIgniter->run()
CRITICAL - 2022-11-23 08:13:01 --> Undefined offset: 2
in APPPATH/Views/empleado/listar.php on line 29.
 1 APPPATH/Views/empleado/listar.php(29): CodeIgniter\Debug\Exceptions->errorHandler()
 2 SYSTEMPATH/View/View.php(213): include('APPPATH/Views/empleado/listar.php')
 3 SYSTEMPATH/View/View.php(216): CodeIgniter\View\View->CodeIgniter\View\{closure}()
 4 SYSTEMPATH/Common.php(1134): CodeIgniter\View\View->render()
 5 APPPATH/Controllers/EmpleadoController.php(17): view()
 6 SYSTEMPATH/CodeIgniter.php(927): App\Controllers\EmpleadoController->index()
 7 SYSTEMPATH/CodeIgniter.php(482): CodeIgniter\CodeIgniter->runController()
 8 SYSTEMPATH/CodeIgniter.php(351): CodeIgniter\CodeIgniter->handleRequest()
 9 FCPATH/index.php(67): CodeIgniter\CodeIgniter->run()
CRITICAL - 2022-11-23 08:13:49 --> Array to string conversion
in APPPATH/Views/empleado/listar.php on line 29.
 1 APPPATH/Views/empleado/listar.php(29): CodeIgniter\Debug\Exceptions->errorHandler()
 2 SYSTEMPATH/View/View.php(213): include('APPPATH/Views/empleado/listar.php')
 3 SYSTEMPATH/View/View.php(216): CodeIgniter\View\View->CodeIgniter\View\{closure}()
 4 SYSTEMPATH/Common.php(1134): CodeIgniter\View\View->render()
 5 APPPATH/Controllers/EmpleadoController.php(17): view()
 6 SYSTEMPATH/CodeIgniter.php(927): App\Controllers\EmpleadoController->index()
 7 SYSTEMPATH/CodeIgniter.php(482): CodeIgniter\CodeIgniter->runController()
 8 SYSTEMPATH/CodeIgniter.php(351): CodeIgniter\CodeIgniter->handleRequest()
 9 FCPATH/index.php(67): CodeIgniter\CodeIgniter->run()
CRITICAL - 2022-11-23 08:14:40 --> syntax error, unexpected '++' (T_INC)
in APPPATH/Views/empleado/listar.php on line 40.
 1 SYSTEMPATH/View/View.php(216): CodeIgniter\View\View->CodeIgniter\View\{closure}()
 2 SYSTEMPATH/Common.php(1134): CodeIgniter\View\View->render()
 3 APPPATH/Controllers/EmpleadoController.php(17): view()
 4 SYSTEMPATH/CodeIgniter.php(927): App\Controllers\EmpleadoController->index()
 5 SYSTEMPATH/CodeIgniter.php(482): CodeIgniter\CodeIgniter->runController()
 6 SYSTEMPATH/CodeIgniter.php(351): CodeIgniter\CodeIgniter->handleRequest()
 7 FCPATH/index.php(67): CodeIgniter\CodeIgniter->run()
CRITICAL - 2022-11-23 08:15:31 --> Array to string conversion
in APPPATH/Views/empleado/listar.php on line 33.
 1 APPPATH/Views/empleado/listar.php(33): CodeIgniter\Debug\Exceptions->errorHandler()
 2 SYSTEMPATH/View/View.php(213): include('APPPATH/Views/empleado/listar.php')
 3 SYSTEMPATH/View/View.php(216): CodeIgniter\View\View->CodeIgniter\View\{closure}()
 4 SYSTEMPATH/Common.php(1134): CodeIgniter\View\View->render()
 5 APPPATH/Controllers/EmpleadoController.php(17): view()
 6 SYSTEMPATH/CodeIgniter.php(927): App\Controllers\EmpleadoController->index()
 7 SYSTEMPATH/CodeIgniter.php(482): CodeIgniter\CodeIgniter->runController()
 8 SYSTEMPATH/CodeIgniter.php(351): CodeIgniter\CodeIgniter->handleRequest()
 9 FCPATH/index.php(67): CodeIgniter\CodeIgniter->run()
CRITICAL - 2022-11-23 08:15:54 --> Array to string conversion
in APPPATH/Views/empleado/listar.php on line 33.
 1 APPPATH/Views/empleado/listar.php(33): CodeIgniter\Debug\Exceptions->errorHandler()
 2 SYSTEMPATH/View/View.php(213): include('APPPATH/Views/empleado/listar.php')
 3 SYSTEMPATH/View/View.php(216): CodeIgniter\View\View->CodeIgniter\View\{closure}()
 4 SYSTEMPATH/Common.php(1134): CodeIgniter\View\View->render()
 5 APPPATH/Controllers/EmpleadoController.php(17): view()
 6 SYSTEMPATH/CodeIgniter.php(927): App\Controllers\EmpleadoController->index()
 7 SYSTEMPATH/CodeIgniter.php(482): CodeIgniter\CodeIgniter->runController()
 8 SYSTEMPATH/CodeIgniter.php(351): CodeIgniter\CodeIgniter->handleRequest()
 9 FCPATH/index.php(67): CodeIgniter\CodeIgniter->run()
CRITICAL - 2022-11-23 08:16:38 --> Array to string conversion
in APPPATH/Views/empleado/listar.php on line 33.
 1 APPPATH/Views/empleado/listar.php(33): CodeIgniter\Debug\Exceptions->errorHandler()
 2 SYSTEMPATH/View/View.php(213): include('APPPATH/Views/empleado/listar.php')
 3 SYSTEMPATH/View/View.php(216): CodeIgniter\View\View->CodeIgniter\View\{closure}()
 4 SYSTEMPATH/Common.php(1134): CodeIgniter\View\View->render()
 5 APPPATH/Controllers/EmpleadoController.php(18): view()
 6 SYSTEMPATH/CodeIgniter.php(927): App\Controllers\EmpleadoController->index()
 7 SYSTEMPATH/CodeIgniter.php(482): CodeIgniter\CodeIgniter->runController()
 8 SYSTEMPATH/CodeIgniter.php(351): CodeIgniter\CodeIgniter->handleRequest()
 9 FCPATH/index.php(67): CodeIgniter\CodeIgniter->run()
ERROR - 2022-11-23 08:19:18 --> mysqli_sql_exception: Operand should contain 1 column(s) in /var/www/html/prueba/system/Database/MySQLi/Connection.php:292
Stack trace:
#0 /var/www/html/prueba/system/Database/MySQLi/Connection.php(292): mysqli->query()
#1 /var/www/html/prueba/system/Database/BaseConnection.php(666): CodeIgniter\Database\MySQLi\Connection->execute()
#2 /var/www/html/prueba/system/Database/BaseConnection.php(593): CodeIgniter\Database\BaseConnection->simpleQuery()
#3 /var/www/html/prueba/system/Database/BaseBuilder.php(1916): CodeIgniter\Database\BaseConnection->query()
#4 /var/www/html/prueba/system/Model.php(279): CodeIgniter\Database\BaseBuilder->insert()
#5 /var/www/html/prueba/system/BaseModel.php(749): CodeIgniter\Model->doInsert()
#6 /var/www/html/prueba/system/Model.php(667): CodeIgniter\BaseModel->insert()
#7 /var/www/html/prueba/app/Controllers/EmpleadoController.php(66): CodeIgniter\Model->insert()
#8 /var/www/html/prueba/system/CodeIgniter.php(927): App\Controllers\EmpleadoController->guardar()
#9 /var/www/html/prueba/system/CodeIgniter.php(482): CodeIgniter\CodeIgniter->runController()
#10 /var/www/html/prueba/system/CodeIgniter.php(351): CodeIgniter\CodeIgniter->handleRequest()
#11 /var/www/html/prueba/public/index.php(67): CodeIgniter\CodeIgniter->run()
#12 {main}
CRITICAL - 2022-11-23 08:19:18 --> Operand should contain 1 column(s)
in SYSTEMPATH/Database/MySQLi/Connection.php on line 292.
 1 SYSTEMPATH/Database/MySQLi/Connection.php(292): mysqli->query()
 2 SYSTEMPATH/Database/BaseConnection.php(666): CodeIgniter\Database\MySQLi\Connection->execute()
 3 SYSTEMPATH/Database/BaseConnection.php(593): CodeIgniter\Database\BaseConnection->simpleQuery()
 4 SYSTEMPATH/Database/BaseBuilder.php(1916): CodeIgniter\Database\BaseConnection->query()
 5 SYSTEMPATH/Model.php(279): CodeIgniter\Database\BaseBuilder->insert()
 6 SYSTEMPATH/BaseModel.php(749): CodeIgniter\Model->doInsert()
 7 SYSTEMPATH/Model.php(667): CodeIgniter\BaseModel->insert()
 8 APPPATH/Controllers/EmpleadoController.php(66): CodeIgniter\Model->insert()
 9 SYSTEMPATH/CodeIgniter.php(927): App\Controllers\EmpleadoController->guardar()
10 SYSTEMPATH/CodeIgniter.php(482): CodeIgniter\CodeIgniter->runController()
11 SYSTEMPATH/CodeIgniter.php(351): CodeIgniter\CodeIgniter->handleRequest()
12 FCPATH/index.php(67): CodeIgniter\CodeIgniter->run()
ERROR - 2022-11-23 08:20:53 --> mysqli_sql_exception: Operand should contain 1 column(s) in /var/www/html/prueba/system/Database/MySQLi/Connection.php:292
Stack trace:
#0 /var/www/html/prueba/system/Database/MySQLi/Connection.php(292): mysqli->query()
#1 /var/www/html/prueba/system/Database/BaseConnection.php(666): CodeIgniter\Database\MySQLi\Connection->execute()
#2 /var/www/html/prueba/system/Database/BaseConnection.php(593): CodeIgniter\Database\BaseConnection->simpleQuery()
#3 /var/www/html/prueba/system/Database/BaseBuilder.php(1916): CodeIgniter\Database\BaseConnection->query()
#4 /var/www/html/prueba/system/Model.php(279): CodeIgniter\Database\BaseBuilder->insert()
#5 /var/www/html/prueba/system/BaseModel.php(749): CodeIgniter\Model->doInsert()
#6 /var/www/html/prueba/system/Model.php(667): CodeIgniter\BaseModel->insert()
#7 /var/www/html/prueba/app/Controllers/EmpleadoController.php(66): CodeIgniter\Model->insert()
#8 /var/www/html/prueba/system/CodeIgniter.php(927): App\Controllers\EmpleadoController->guardar()
#9 /var/www/html/prueba/system/CodeIgniter.php(482): CodeIgniter\CodeIgniter->runController()
#10 /var/www/html/prueba/system/CodeIgniter.php(351): CodeIgniter\CodeIgniter->handleRequest()
#11 /var/www/html/prueba/public/index.php(67): CodeIgniter\CodeIgniter->run()
#12 {main}
CRITICAL - 2022-11-23 08:20:53 --> Operand should contain 1 column(s)
in SYSTEMPATH/Database/MySQLi/Connection.php on line 292.
 1 SYSTEMPATH/Database/MySQLi/Connection.php(292): mysqli->query()
 2 SYSTEMPATH/Database/BaseConnection.php(666): CodeIgniter\Database\MySQLi\Connection->execute()
 3 SYSTEMPATH/Database/BaseConnection.php(593): CodeIgniter\Database\BaseConnection->simpleQuery()
 4 SYSTEMPATH/Database/BaseBuilder.php(1916): CodeIgniter\Database\BaseConnection->query()
 5 SYSTEMPATH/Model.php(279): CodeIgniter\Database\BaseBuilder->insert()
 6 SYSTEMPATH/BaseModel.php(749): CodeIgniter\Model->doInsert()
 7 SYSTEMPATH/Model.php(667): CodeIgniter\BaseModel->insert()
 8 APPPATH/Controllers/EmpleadoController.php(66): CodeIgniter\Model->insert()
 9 SYSTEMPATH/CodeIgniter.php(927): App\Controllers\EmpleadoController->guardar()
10 SYSTEMPATH/CodeIgniter.php(482): CodeIgniter\CodeIgniter->runController()
11 SYSTEMPATH/CodeIgniter.php(351): CodeIgniter\CodeIgniter->handleRequest()
12 FCPATH/index.php(67): CodeIgniter\CodeIgniter->run()
CRITICAL - 2022-11-23 09:10:27 --> Use of undefined constant empleado - assumed 'empleado' (this will throw an Error in a future version of PHP)
in APPPATH/Views/empleado/editar.php on line 11.
 1 APPPATH/Views/empleado/editar.php(11): CodeIgniter\Debug\Exceptions->errorHandler()
 2 SYSTEMPATH/View/View.php(213): include('APPPATH/Views/empleado/editar.php')
 3 SYSTEMPATH/View/View.php(216): CodeIgniter\View\View->CodeIgniter\View\{closure}()
 4 SYSTEMPATH/Common.php(1134): CodeIgniter\View\View->render()
 5 APPPATH/Controllers/EmpleadoController.php(44): view()
 6 SYSTEMPATH/CodeIgniter.php(927): App\Controllers\EmpleadoController->editar()
 7 SYSTEMPATH/CodeIgniter.php(482): CodeIgniter\CodeIgniter->runController()
 8 SYSTEMPATH/CodeIgniter.php(351): CodeIgniter\CodeIgniter->handleRequest()
 9 FCPATH/index.php(67): CodeIgniter\CodeIgniter->run()
CRITICAL - 2022-11-23 09:11:19 --> Use of undefined constant empleado - assumed 'empleado' (this will throw an Error in a future version of PHP)
in APPPATH/Views/empleado/editar.php on line 11.
 1 APPPATH/Views/empleado/editar.php(11): CodeIgniter\Debug\Exceptions->errorHandler()
 2 SYSTEMPATH/View/View.php(213): include('APPPATH/Views/empleado/editar.php')
 3 SYSTEMPATH/View/View.php(216): CodeIgniter\View\View->CodeIgniter\View\{closure}()
 4 SYSTEMPATH/Common.php(1134): CodeIgniter\View\View->render()
 5 APPPATH/Controllers/EmpleadoController.php(44): view()
 6 SYSTEMPATH/CodeIgniter.php(927): App\Controllers\EmpleadoController->editar()
 7 SYSTEMPATH/CodeIgniter.php(482): CodeIgniter\CodeIgniter->runController()
 8 SYSTEMPATH/CodeIgniter.php(351): CodeIgniter\CodeIgniter->handleRequest()
 9 FCPATH/index.php(67): CodeIgniter\CodeIgniter->run()
ERROR - 2022-11-23 09:20:44 --> mysqli_sql_exception: Duplicate entry '77478523X' for key 'empleado.dni' in /var/www/html/prueba/system/Database/MySQLi/Connection.php:292
Stack trace:
#0 /var/www/html/prueba/system/Database/MySQLi/Connection.php(292): mysqli->query()
#1 /var/www/html/prueba/system/Database/BaseConnection.php(666): CodeIgniter\Database\MySQLi\Connection->execute()
#2 /var/www/html/prueba/system/Database/BaseConnection.php(593): CodeIgniter\Database\BaseConnection->simpleQuery()
#3 /var/www/html/prueba/system/Database/BaseBuilder.php(2079): CodeIgniter\Database\BaseConnection->query()
#4 /var/www/html/prueba/system/Model.php(338): CodeIgniter\Database\BaseBuilder->update()
#5 /var/www/html/prueba/system/BaseModel.php(886): CodeIgniter\Model->doUpdate()
#6 /var/www/html/prueba/system/Model.php(693): CodeIgniter\BaseModel->update()
#7 /var/www/html/prueba/app/Controllers/EmpleadoController.php(90): CodeIgniter\Model->update()
#8 /var/www/html/prueba/system/CodeIgniter.php(927): App\Controllers\EmpleadoController->actualizar()
#9 /var/www/html/prueba/system/CodeIgniter.php(482): CodeIgniter\CodeIgniter->runController()
#10 /var/www/html/prueba/system/CodeIgniter.php(351): CodeIgniter\CodeIgniter->handleRequest()
#11 /var/www/html/prueba/public/index.php(67): CodeIgniter\CodeIgniter->run()
#12 {main}
CRITICAL - 2022-11-23 09:20:44 --> Duplicate entry '77478523X' for key 'empleado.dni'
in SYSTEMPATH/Database/MySQLi/Connection.php on line 292.
 1 SYSTEMPATH/Database/MySQLi/Connection.php(292): mysqli->query()
 2 SYSTEMPATH/Database/BaseConnection.php(666): CodeIgniter\Database\MySQLi\Connection->execute()
 3 SYSTEMPATH/Database/BaseConnection.php(593): CodeIgniter\Database\BaseConnection->simpleQuery()
 4 SYSTEMPATH/Database/BaseBuilder.php(2079): CodeIgniter\Database\BaseConnection->query()
 5 SYSTEMPATH/Model.php(338): CodeIgniter\Database\BaseBuilder->update()
 6 SYSTEMPATH/BaseModel.php(886): CodeIgniter\Model->doUpdate()
 7 SYSTEMPATH/Model.php(693): CodeIgniter\BaseModel->update()
 8 APPPATH/Controllers/EmpleadoController.php(90): CodeIgniter\Model->update()
 9 SYSTEMPATH/CodeIgniter.php(927): App\Controllers\EmpleadoController->actualizar()
10 SYSTEMPATH/CodeIgniter.php(482): CodeIgniter\CodeIgniter->runController()
11 SYSTEMPATH/CodeIgniter.php(351): CodeIgniter\CodeIgniter->handleRequest()
12 FCPATH/index.php(67): CodeIgniter\CodeIgniter->run()
CRITICAL - 2022-11-23 10:32:16 --> Invalid file: password.php
in SYSTEMPATH/Exceptions/FrameworkException.php on line 33.
 1 SYSTEMPATH/View/View.php(201): CodeIgniter\Exceptions\FrameworkException::forInvalidFile()
 2 SYSTEMPATH/Common.php(1134): CodeIgniter\View\View->render()
 3 APPPATH/Controllers/AutenticacionController.php(35): view()
 4 SYSTEMPATH/CodeIgniter.php(927): App\Controllers\AutenticacionController->password()
 5 SYSTEMPATH/CodeIgniter.php(482): CodeIgniter\CodeIgniter->runController()
 6 SYSTEMPATH/CodeIgniter.php(351): CodeIgniter\CodeIgniter->handleRequest()
 7 FCPATH/index.php(67): CodeIgniter\CodeIgniter->run()
CRITICAL - 2022-11-23 10:32:58 --> Undefined variable: id
in APPPATH/Views/contrasenha.php on line 11.
 1 APPPATH/Views/contrasenha.php(11): CodeIgniter\Debug\Exceptions->errorHandler()
 2 SYSTEMPATH/View/View.php(213): include('APPPATH/Views/contrasenha.php')
 3 SYSTEMPATH/View/View.php(216): CodeIgniter\View\View->CodeIgniter\View\{closure}()
 4 SYSTEMPATH/Common.php(1134): CodeIgniter\View\View->render()
 5 APPPATH/Controllers/AutenticacionController.php(35): view()
 6 SYSTEMPATH/CodeIgniter.php(927): App\Controllers\AutenticacionController->password()
 7 SYSTEMPATH/CodeIgniter.php(482): CodeIgniter\CodeIgniter->runController()
 8 SYSTEMPATH/CodeIgniter.php(351): CodeIgniter\CodeIgniter->handleRequest()
 9 FCPATH/index.php(67): CodeIgniter\CodeIgniter->run()
CRITICAL - 2022-11-23 12:46:38 --> unlink(/var/www/html/prueba/writable/debugbar/debugbar_1669224076.963287.json): No such file or directory
in SYSTEMPATH/Debug/Toolbar/Collectors/History.php on line 76.
 1 [internal function]: CodeIgniter\Debug\Exceptions->errorHandler()
 2 SYSTEMPATH/Debug/Toolbar/Collectors/History.php(76): unlink()
 3 SYSTEMPATH/Debug/Toolbar.php(500): CodeIgniter\Debug\Toolbar\Collectors\History->setFiles()
 4 SYSTEMPATH/Debug/Toolbar.php(477): CodeIgniter\Debug\Toolbar->format()
 5 APPPATH/Config/Events.php(46): CodeIgniter\Debug\Toolbar->respond()
 6 SYSTEMPATH/Events/Events.php(149): CodeIgniter\Events\Events::Config\{closure}()
 7 SYSTEMPATH/CodeIgniter.php(328): CodeIgniter\Events\Events::trigger()
 8 FCPATH/index.php(67): CodeIgniter\CodeIgniter->run()
CRITICAL - 2022-11-23 13:06:48 --> Invalid file: about/about.php
in SYSTEMPATH/Exceptions/FrameworkException.php on line 33.
 1 SYSTEMPATH/View/View.php(201): CodeIgniter\Exceptions\FrameworkException::forInvalidFile()
 2 SYSTEMPATH/Common.php(1134): CodeIgniter\View\View->render()
 3 APPPATH/Controllers/Home.php(13): view()
 4 SYSTEMPATH/CodeIgniter.php(927): App\Controllers\Home->about()
 5 SYSTEMPATH/CodeIgniter.php(482): CodeIgniter\CodeIgniter->runController()
 6 SYSTEMPATH/CodeIgniter.php(351): CodeIgniter\CodeIgniter->handleRequest()
 7 FCPATH/index.php(67): CodeIgniter\CodeIgniter->run()
CRITICAL - 2022-11-23 13:14:09 --> Undefined variable: head
in APPPATH/Views/about.php on line 1.
 1 APPPATH/Views/about.php(1): CodeIgniter\Debug\Exceptions->errorHandler()
 2 SYSTEMPATH/View/View.php(213): include('APPPATH/Views/about.php')
 3 SYSTEMPATH/View/View.php(216): CodeIgniter\View\View->CodeIgniter\View\{closure}()
 4 SYSTEMPATH/Common.php(1134): CodeIgniter\View\View->render()
 5 APPPATH/Controllers/Home.php(16): view()
 6 SYSTEMPATH/CodeIgniter.php(927): App\Controllers\Home->about()
 7 SYSTEMPATH/CodeIgniter.php(482): CodeIgniter\CodeIgniter->runController()
 8 SYSTEMPATH/CodeIgniter.php(351): CodeIgniter\CodeIgniter->handleRequest()
 9 FCPATH/index.php(67): CodeIgniter\CodeIgniter->run()
CRITICAL - 2022-11-23 13:14:40 --> Undefined variable: head
in APPPATH/Views/about.php on line 1.
 1 APPPATH/Views/about.php(1): CodeIgniter\Debug\Exceptions->errorHandler()
 2 SYSTEMPATH/View/View.php(213): include('APPPATH/Views/about.php')
 3 SYSTEMPATH/View/View.php(216): CodeIgniter\View\View->CodeIgniter\View\{closure}()
 4 SYSTEMPATH/Common.php(1134): CodeIgniter\View\View->render()
 5 APPPATH/Controllers/Home.php(16): view()
 6 SYSTEMPATH/CodeIgniter.php(927): App\Controllers\Home->about()
 7 SYSTEMPATH/CodeIgniter.php(482): CodeIgniter\CodeIgniter->runController()
 8 SYSTEMPATH/CodeIgniter.php(351): CodeIgniter\CodeIgniter->handleRequest()
 9 FCPATH/index.php(67): CodeIgniter\CodeIgniter->run()
